[debug] [2023-06-16T08:20:24.318Z] ----------------------------------------------------------------------
[debug] [2023-06-16T08:20:24.323Z] Command:       C:\Program Files\nodejs\node.exe C:\Users\LENOVO\AppData\Roaming\npm\node_modules\firebase-tools\lib\bin\firebase.js init
[debug] [2023-06-16T08:20:24.325Z] CLI Version:   12.4.0
[debug] [2023-06-16T08:20:24.326Z] Platform:      win32
[debug] [2023-06-16T08:20:24.326Z] Node Version:  v18.16.0
[debug] [2023-06-16T08:20:24.329Z] Time:          Fri Jun 16 2023 13:50:24 GMT+0530 (India Standard Time)
[debug] [2023-06-16T08:20:24.329Z] ----------------------------------------------------------------------
[debug] 
[debug] [2023-06-16T08:20:24.337Z] >>> [apiv2][query] GET https://firebase-public.firebaseio.com/cli.json [none]
[debug] [2023-06-16T08:20:24.472Z] > command requires scopes: ["email","openid","https://www.googleapis.com/auth/cloudplatformprojects.readonly","https://www.googleapis.com/auth/firebase","https://www.googleapis.com/auth/cloud-platform"]
[debug] [2023-06-16T08:20:24.473Z] > authorizing via signed-in user (fathimashifakv@gmail.com)
[info] 
     ######## #### ########  ######## ########     ###     ######  ########
     ##        ##  ##     ## ##       ##     ##  ##   ##  ##       ##
     ######    ##  ########  ######   ########  #########  ######  ######
     ##        ##  ##    ##  ##       ##     ## ##     ##       ## ##
     ##       #### ##     ## ######## ########  ##     ##  ######  ########

You're about to initialize a Firebase project in this directory:

  D:\HRMS\hrms

[debug] [2023-06-16T08:20:25.263Z] <<< [apiv2][status] GET https://firebase-public.firebaseio.com/cli.json 200
[debug] [2023-06-16T08:20:25.267Z] <<< [apiv2][body] GET https://firebase-public.firebaseio.com/cli.json {"cloudBuildErrorAfter":1594252800000,"cloudBuildWarnAfter":1590019200000,"defaultNode10After":1594252800000,"minVersion":"3.0.5","node8DeploysDisabledAfter":1613390400000,"node8RuntimeDisabledAfter":1615809600000,"node8WarnAfter":1600128000000}
